Dakahlia 10 119 71.1726
Alexandria 10 119 71.1728
Beni Suef 10 119 71.1275
Sharqia 10 119 71.1782
Beheira 10 119 71.1669
North Sinai 10 119 71.1567
Faiyum 10 119 71.1676
Giza 10 119 71.1711
Suez 10 119 71.1522
Ismailia 10 119 71.2034
Cairo 10 119 71.1834
Minya 10 119 71.1763
Red Sea 10 119 71.1696
South Sinai 10 119 71.173
New Valley 10 119 71.1709
Asyut 10 119 71.1469
Matrouh 10 119 71.1851
Qalyubia 10 119 71.1619
Gharbia 10 119 71.1768
Damietta 10 119 71.1518
Kafr El Sheikh 10 119 71.201
Sohag 10 119 71.15
Monufia 10 119 71.1545
Aswan 10 119 71.1735
Luxor 10 119 71.1861
Port Said 10 119 71.1764
Time = 98[s]
Time = 98949826[µs]
